0 info it worked if it ends with ok
1 verbose cli [ 'c:\\Program Files\\nodejs\\node.exe',
1 verbose cli   'c:\\Program Files\\nodejs\\node_modules\\npm\\bin\\npm-cli.js',
1 verbose cli   'install',
1 verbose cli   'ui-bootstrap',
1 verbose cli   '--save-dev' ]
2 info using npm@1.4.9
3 info using node@v0.10.28
4 verbose readDependencies using package.json deps
5 verbose cache add [ 'ui-bootstrap', null ]
6 verbose cache add name=undefined spec="ui-bootstrap" args=["ui-bootstrap",null]
7 verbose parsed url { protocol: null,
7 verbose parsed url   slashes: null,
7 verbose parsed url   auth: null,
7 verbose parsed url   host: null,
7 verbose parsed url   port: null,
7 verbose parsed url   hostname: null,
7 verbose parsed url   hash: null,
7 verbose parsed url   search: null,
7 verbose parsed url   query: null,
7 verbose parsed url   pathname: 'ui-bootstrap',
7 verbose parsed url   path: 'ui-bootstrap',
7 verbose parsed url   href: 'ui-bootstrap' }
8 silly lockFile b82b52df-ui-bootstrap ui-bootstrap
9 verbose lock ui-bootstrap C:\Users\Alex\AppData\Roaming\npm-cache\b82b52df-ui-bootstrap.lock
10 silly lockFile b82b52df-ui-bootstrap ui-bootstrap
11 silly lockFile b82b52df-ui-bootstrap ui-bootstrap
12 verbose addNamed [ 'ui-bootstrap', '' ]
13 verbose addNamed [ null, '*' ]
14 silly lockFile 118da355-ui-bootstrap ui-bootstrap@
15 verbose lock ui-bootstrap@ C:\Users\Alex\AppData\Roaming\npm-cache\118da355-ui-bootstrap.lock
16 silly addNameRange { name: 'ui-bootstrap', range: '*', hasData: false }
17 verbose url raw ui-bootstrap
18 verbose url resolving [ 'https://registry.npmjs.org/', './ui-bootstrap' ]
19 verbose url resolved https://registry.npmjs.org/ui-bootstrap
20 info trying registry request attempt 1 at 10:31:12
21 http GET https://registry.npmjs.org/ui-bootstrap
22 http 404 https://registry.npmjs.org/ui-bootstrap
23 verbose headers { date: 'Fri, 13 Feb 2015 16:31:10 GMT',
23 verbose headers   server: 'CouchDB/1.5.0 (Erlang OTP/R16B03)',
23 verbose headers   'content-type': 'application/json',
23 verbose headers   'cache-control': 'max-age=0',
23 verbose headers   'content-length': '52',
23 verbose headers   'accept-ranges': 'bytes',
23 verbose headers   via: '1.1 varnish',
23 verbose headers   age: '0',
23 verbose headers   'x-served-by': 'cache-ord1733-ORD',
23 verbose headers   'x-cache': 'MISS',
23 verbose headers   'x-cache-hits': '0',
23 verbose headers   'x-timer': 'S1423845070.127773,VS0,VE136',
23 verbose headers   'keep-alive': 'timeout=10, max=50',
23 verbose headers   connection: 'Keep-Alive' }
24 silly registry.get cb [ 404,
24 silly registry.get   { date: 'Fri, 13 Feb 2015 16:31:10 GMT',
24 silly registry.get     server: 'CouchDB/1.5.0 (Erlang OTP/R16B03)',
24 silly registry.get     'content-type': 'application/json',
24 silly registry.get     'cache-control': 'max-age=0',
24 silly registry.get     'content-length': '52',
24 silly registry.get     'accept-ranges': 'bytes',
24 silly registry.get     via: '1.1 varnish',
24 silly registry.get     age: '0',
24 silly registry.get     'x-served-by': 'cache-ord1733-ORD',
24 silly registry.get     'x-cache': 'MISS',
24 silly registry.get     'x-cache-hits': '0',
24 silly registry.get     'x-timer': 'S1423845070.127773,VS0,VE136',
24 silly registry.get     'keep-alive': 'timeout=10, max=50',
24 silly registry.get     connection: 'Keep-Alive' } ]
25 silly lockFile 118da355-ui-bootstrap ui-bootstrap@
26 silly lockFile 118da355-ui-bootstrap ui-bootstrap@
27 error 404 404 Not Found: ui-bootstrap
27 error 404
27 error 404 'ui-bootstrap' is not in the npm registry.
27 error 404 You should bug the author to publish it
27 error 404 It was specified as a dependency of 'gulp-bower'
27 error 404
27 error 404 Note that you can also install from a
27 error 404 tarball, folder, or http url, or git url.
28 error System Windows_NT 6.2.9200
29 error command "c:\\Program Files\\nodejs\\node.exe" "c:\\Program Files\\nodejs\\node_modules\\npm\\bin\\npm-cli.js" "install" "ui-bootstrap" "--save-dev"
30 error cwd C:\Users\Alex\Documents\MHS-Website
31 error node -v v0.10.28
32 error npm -v 1.4.9
33 error code E404
34 verbose exit [ 1, true ]
